[2019-10-04 15:47:10] 已经获取的链接： 
https://www.iesdouyin.com/share/user/60608403052?u_code=19ad36870&sec_uid=MS4wLjABAAAAatU4FuaYxn7i-lwtPGjTx4Ojyhqssugl6Gp0UDgCg98&timestamp=1569326933&utm_source=copy&utm_campaign=client_share&utm_medium=android&share_app_name=douyin
[2019-10-04 15:47:10] 已经获取的链接： 
https://www.iesdouyin.com/share/user/65336769878?sec_uid=MS4wLjABAAAAbsnbN3GXomtp6QhgXGQVbLrxnN_8A-9resbzmBcg8XE&u_code=19ad36870&timestamp=1569327064&utm_source=copy&utm_campaign=client_share&utm_medium=android&share_app_name=douyin
[2019-10-04 15:47:10] 已经获取的链接： 
https://www.iesdouyin.com/share/user/3927082710338407?u_code=19ad36870&sec_uid=MS4wLjABAAAAIkp6nsOtBxKoXVX7GjC4knLLQ3F5DcEy49zZV0vbY7VR1itDVL41QvXuHNpqYmmQ&timestamp=1569312093&utm_source=copy&utm_campaign=client_share&utm_medium=android&share_app_name=douyin
[2019-10-04 15:47:11] 已经获取的链接： 
https://www.iesdouyin.com/share/user/66598046050?sec_uid=MS4wLjABAAAAgq8cb7cn9ByhZbmx-XQDdRTvFzmJeBBXOUO4QflP96M&u_code=19ad36870&timestamp=1569297847&utm_source=copy&utm_campaign=client_share&utm_medium=android&share_app_name=douyin
[2019-10-04 15:47:11] 已经获取的链接： 
https://www.iesdouyin.com/share/user/93414332321?u_code=19ad36870&sec_uid=MS4wLjABAAAAFrW0FiUdnfdZgr_vlV9g7hidHlkSHfIpBgMvAPHoGGA&timestamp=1569222224&utm_source=copy&utm_campaign=client_share&utm_medium=android&share_app_name=douyin
[2019-10-04 15:47:11] 已经获取的链接： 
https://www.iesdouyin.com/share/user/85107494189?u_code=19ad36870&sec_uid=MS4wLjABAAAAh6RmVaeyKCwaBSm8zthQRLRLvEcveh4xLnUv7HQ-axo&timestamp=1569290365&utm_source=copy&utm_campaign=client_share&utm_medium=android&share_app_name=douyin
[2019-10-04 15:47:11] 已经获取的口令： 
{'dytk': '7f2f08cb60fd71d929ead30550e03e65', 'name': '小嚯行游🌸(旅拍自由行接待)', 'desc': '旅游咨询V❤☎同步️:18391275331 ', 'uimg': 'user_pic_image_7f2f08cb60fd71d929ead30550e03e65'}
[2019-10-04 15:47:43] 已经获取的数据： 21个视频资源
[2019-10-04 15:47:43] 过滤存在的视频： 6743573403778813197
[2019-10-04 15:47:43] 过滤存在的视频： 6743481708856839436
[2019-10-04 15:47:44] 过滤存在的视频： 6743202153227193613
[2019-10-04 15:47:44] 过滤存在的视频： 6743058319327382798
[2019-10-04 15:47:44] 过滤存在的视频： 6742831725472238860
[2019-10-04 15:47:45] 过滤存在的视频： 6742676995802418436
[2019-10-04 15:47:45] 过滤存在的视频： 6742475308290559239
[2019-10-04 15:47:45] 过滤存在的视频： 6742417575407340804
[2019-10-04 15:47:46] 过滤存在的视频： 6741956635868024077
[2019-10-04 15:47:46] 过滤存在的视频： 6741952569389747467
[2019-10-04 15:47:46] 过滤存在的视频： 6741716899026996491
[2019-10-04 15:47:47] 过滤存在的视频： 6741578894274465035
[2019-10-04 15:47:47] 过滤存在的视频： 6741347433684471052
[2019-10-04 15:47:47] 过滤存在的视频： 6741303258888850692
[2019-10-04 15:47:48] 过滤存在的视频： 6740975768089775368
[2019-10-04 15:47:48] 过滤存在的视频： 6740831398501879051
[2019-10-04 15:47:48] 过滤存在的视频： 6740607800231218435
[2019-10-04 15:47:49] 过滤存在的视频： 6740606742368996621
[2019-10-04 15:47:49] 过滤存在的视频： 6740605128744701195
[2019-10-04 15:47:49] 过滤存在的视频： 6740459337505934595
[2019-10-04 15:47:50] 过滤存在的视频： 6740238214826626307
[2019-10-04 15:47:50] 已经获取的口令： 
{'dytk': '64aa3371b5d507c6724435b2f8e66448', 'name': '大印🐕', 'desc': '纪录美好时光🦄️', 'uimg': 'user_pic_image_64aa3371b5d507c6724435b2f8e66448'}
[2019-10-04 15:47:59] 已经获取的数据： 19个视频资源
[2019-10-04 15:48:00] 过滤存在的视频： 6743476599687089416
[2019-10-04 15:48:00] 过滤存在的视频： 6743143033421696270
[2019-10-04 15:48:00] 过滤存在的视频： 6742589150047833348
[2019-10-04 15:48:01] 过滤存在的视频： 6740552912067448076
[2019-10-04 15:48:01] 过滤存在的视频： 6739796838922063115
[2019-10-04 15:48:02] 过滤存在的视频： 6739114844433173774
[2019-10-04 15:48:02] 过滤存在的视频： 6737565056264850699
[2019-10-04 15:48:02] 过滤存在的视频： 6736376691725257991
[2019-10-04 15:48:02] 过滤存在的视频： 6734914492821589261
[2019-10-04 15:48:03] 过滤存在的视频： 6732222294481030407
[2019-10-04 15:48:03] 过滤存在的视频： 6731458835703237895
[2019-10-04 15:48:03] 过滤存在的视频： 6731291816345308424
[2019-10-04 15:48:04] 过滤存在的视频： 6727924057515363587
[2019-10-04 15:48:04] 过滤存在的视频： 6727227573140540679
[2019-10-04 15:48:04] 过滤存在的视频： 6726457700508617997
[2019-10-04 15:48:05] 过滤存在的视频： 6725006756625566988
[2019-10-04 15:48:05] 过滤存在的视频： 6723850428628487436
[2019-10-04 15:48:07] 过滤存在的视频： 6722346239368645902
[2019-10-04 15:48:09] 过滤存在的视频： 6721962831442398467
[2019-10-04 15:48:10] 已经获取的口令： 
{'dytk': '6dd0b61ef5c9205722734d0da1e6bdfe', 'name': '小仔街拍', 'desc': '商务v：xzjp666666', 'uimg': 'user_pic_image_6dd0b61ef5c9205722734d0da1e6bdfe'}
[2019-10-04 15:48:29] 已经获取的数据： 21个视频资源
[2019-10-04 15:48:30] 过滤存在的视频： 6743773226784099591
[2019-10-04 15:48:30] 过滤存在的视频： 6743461142196178184
[2019-10-04 15:48:31] 过滤存在的视频： 6743115739345046792
[2019-10-04 15:48:31] 过滤存在的视频： 6742768251714931981
[2019-10-04 15:48:31] 过滤存在的视频： 6742711989056867598
[2019-10-04 15:48:31] 过滤存在的视频： 6742316903978618120
[2019-10-04 15:48:32] 过滤存在的视频： 6741966905650711821
[2019-10-04 15:48:32] 过滤存在的视频： 6741679643075677444
[2019-10-04 15:48:32] 过滤存在的视频： 6741626556805844231
[2019-10-04 15:48:33] 过滤存在的视频： 6741577995288382724
[2019-10-04 15:48:33] 过滤存在的视频： 6741397413925244167
[2019-10-04 15:48:33] 过滤存在的视频： 6741280825423301891
[2019-10-04 15:48:34] 过滤存在的视频： 6741198706118331661
[2019-10-04 15:48:34] 过滤存在的视频： 6740963347019156740
[2019-10-04 15:48:35] 过滤存在的视频： 6740832913593552132
[2019-10-04 15:48:35] 过滤存在的视频： 6740580079027375368
[2019-10-04 15:48:35] 过滤存在的视频： 6740447932421524749
[2019-10-04 15:48:36] 过滤存在的视频： 6740198106375261453
[2019-10-04 15:48:36] 过滤存在的视频： 6740108484144008452
[2019-10-04 15:48:36] 过滤存在的视频： 6739849878219918603
[2019-10-04 15:48:36] 过滤存在的视频： 6739716295102631180
[2019-10-04 15:48:37] 已经获取的口令： 
{'dytk': '2373bc5857d4a2286ec8d833d63340f5', 'name': '央视新闻', 'desc': '本宝宝暂时还没想到个性签名', 'uimg': 'user_pic_image_2373bc5857d4a2286ec8d833d63340f5'}
[2019-10-04 15:49:35] 已经获取的数据： 20个视频资源
[2019-10-04 15:49:35] 过滤存在的视频： 6743846187998170382
[2019-10-04 15:49:35] 过滤存在的视频： 6743828474487655683
[2019-10-04 15:49:36] 过滤存在的视频： 6743522065866837256
[2019-10-04 15:49:36] 过滤存在的视频： 6743463343908015372
[2019-10-04 15:49:36] 过滤存在的视频： 6743428367334280462
[2019-10-04 15:49:37] 过滤存在的视频： 6743136977979215111
[2019-10-04 15:49:37] 过滤存在的视频： 6743095759152876812
[2019-10-04 15:49:37] 过滤存在的视频： 6742856785125756167
[2019-10-04 15:49:38] 过滤存在的视频： 6742821490552491276
[2019-10-04 15:49:38] 过滤存在的视频： 6742820485987437828
[2019-10-04 15:49:38] 过滤存在的视频： 6742809740411211022
[2019-10-04 15:49:39] 过滤存在的视频： 6742808746507963662
[2019-10-04 15:49:39] 过滤存在的视频： 6742794866599660807
[2019-10-04 15:49:39] 过滤存在的视频： 6742761051147865347
[2019-10-04 15:49:40] 过滤存在的视频： 6742756356597501191
[2019-10-04 15:49:40] 过滤存在的视频： 6742732443490503944
[2019-10-04 15:49:40] 过滤存在的视频： 6742730887038881037
[2019-10-04 15:49:41] 过滤存在的视频： 6742711360431410439
[2019-10-04 15:49:41] 过滤存在的视频： 6742702876176436483
[2019-10-04 15:49:41] 过滤存在的视频： 6742685475724676355
[2019-10-04 15:49:42] 已经获取的口令： 
{'dytk': '72c27edf2e311d68fcad23161785e309', 'name': 'Nico蒋娉婷', 'desc': '淘宝：Lamonico', 'uimg': 'user_pic_image_72c27edf2e311d68fcad23161785e309'}
[2019-10-04 15:50:14] 已经获取的数据： 21个视频资源
[2019-10-04 15:50:14] 过滤存在的视频： 6741177309203762445
[2019-10-04 15:50:14] 过滤存在的视频： 6735619492564585731
[2019-10-04 15:50:15] 过滤存在的视频： 6734173775220182285
[2019-10-04 15:50:15] 过滤存在的视频： 6733828429986188558
[2019-10-04 15:50:15] 过滤存在的视频： 6732756308275039501
[2019-10-04 15:50:16] 过滤存在的视频： 6731316882915298573
[2019-10-04 15:50:16] 过滤存在的视频： 6730182165880950028
[2019-10-04 15:50:16] 过滤存在的视频： 6730164431809940750
[2019-10-04 15:50:17] 过滤存在的视频： 6729423966064233731
[2019-10-04 15:50:17] 过滤存在的视频： 6726907633879764237
[2019-10-04 15:50:17] 过滤存在的视频： 6723795426786561284
[2019-10-04 15:50:18] 过滤存在的视频： 6720949751883386126
[2019-10-04 15:50:18] 过滤存在的视频： 6720176745288404232
[2019-10-04 15:50:18] 过滤存在的视频： 6719675484038352142
[2019-10-04 15:50:19] 过滤存在的视频： 6718532365666258189
[2019-10-04 15:50:19] 过滤存在的视频： 6717815720383745283
[2019-10-04 15:50:19] 过滤存在的视频： 6717622685913877771
[2019-10-04 15:50:20] 过滤存在的视频： 6706029545943797005
[2019-10-04 15:50:20] 过滤存在的视频： 6705384107368647948
[2019-10-04 15:50:20] 过滤存在的视频： 6704238238686596365
[2019-10-04 15:50:21] 过滤存在的视频： 6704009466075008259
[2019-10-04 15:50:21] 已经获取的口令： 
{'dytk': 'a9ca6de2402a98153ef09187f180b7c6', 'name': 'ShopShops哪逛', 'desc': 'V❤:lm68067379', 'uimg': 'user_pic_image_a9ca6de2402a98153ef09187f180b7c6'}
[2019-10-04 15:50:32] 已经获取的数据： 9个视频资源
[2019-10-04 15:50:36] 成功下载的视频： v0300fcd0000bma3oht8kgemgrqbedr0
[2019-10-04 15:50:44] 删除本地的视频： /Users/zhangwenxiao/iFolder/spider/consumer/single/download/85107494189/v0300fcd0000bma3oht8kgemgrqbedr0.mp4
[2019-10-04 15:50:44] 已经上传的视频： v0300fcd0000bma3oht8kgemgrqbedr0
[2019-10-04 15:50:46] 过滤存在的视频： 6732632662797716749
[2019-10-04 15:50:46] 过滤存在的视频： 6730894446478560520
[2019-10-04 15:50:46] 过滤存在的视频： 6730895731546148110
[2019-10-04 15:50:47] 过滤存在的视频： 6727471765011893508
[2019-10-04 15:50:47] 过滤存在的视频： 6719300406251506955
[2019-10-04 15:50:47] 过滤存在的视频： 6704765314237877517
[2019-10-04 15:50:48] 过滤存在的视频： 6701941449870593291
[2019-10-04 15:50:48] 过滤存在的视频： 6701206771609898248
[2019-10-04 15:54:17] 已经获取的链接： 
https://www.iesdouyin.com/share/user/60608403052?u_code=19ad36870&sec_uid=MS4wLjABAAAAatU4FuaYxn7i-lwtPGjTx4Ojyhqssugl6Gp0UDgCg98&timestamp=1569326933&utm_source=copy&utm_campaign=client_share&utm_medium=android&share_app_name=douyin
[2019-10-04 15:54:18] 已经获取的链接： 
https://www.iesdouyin.com/share/user/65336769878?sec_uid=MS4wLjABAAAAbsnbN3GXomtp6QhgXGQVbLrxnN_8A-9resbzmBcg8XE&u_code=19ad36870&timestamp=1569327064&utm_source=copy&utm_campaign=client_share&utm_medium=android&share_app_name=douyin
[2019-10-04 15:54:18] 已经获取的链接： 
https://www.iesdouyin.com/share/user/3927082710338407?u_code=19ad36870&sec_uid=MS4wLjABAAAAIkp6nsOtBxKoXVX7GjC4knLLQ3F5DcEy49zZV0vbY7VR1itDVL41QvXuHNpqYmmQ&timestamp=1569312093&utm_source=copy&utm_campaign=client_share&utm_medium=android&share_app_name=douyin
[2019-10-04 15:54:18] 已经获取的链接： 
https://www.iesdouyin.com/share/user/66598046050?sec_uid=MS4wLjABAAAAgq8cb7cn9ByhZbmx-XQDdRTvFzmJeBBXOUO4QflP96M&u_code=19ad36870&timestamp=1569297847&utm_source=copy&utm_campaign=client_share&utm_medium=android&share_app_name=douyin
[2019-10-04 15:54:19] 已经获取的链接： 
https://www.iesdouyin.com/share/user/93414332321?u_code=19ad36870&sec_uid=MS4wLjABAAAAFrW0FiUdnfdZgr_vlV9g7hidHlkSHfIpBgMvAPHoGGA&timestamp=1569222224&utm_source=copy&utm_campaign=client_share&utm_medium=android&share_app_name=douyin
[2019-10-04 15:54:19] 已经获取的链接： 
https://www.iesdouyin.com/share/user/85107494189?u_code=19ad36870&sec_uid=MS4wLjABAAAAh6RmVaeyKCwaBSm8zthQRLRLvEcveh4xLnUv7HQ-axo&timestamp=1569290365&utm_source=copy&utm_campaign=client_share&utm_medium=android&share_app_name=douyin
[2019-10-04 15:54:19] 已经获取的口令： 
{'dytk': '7f2f08cb60fd71d929ead30550e03e65', 'name': '小嚯行游🌸(旅拍自由行接待)', 'desc': '旅游咨询V❤☎同步️:18391275331 ', 'uimg': 'user_pic_image_7f2f08cb60fd71d929ead30550e03e65'}
[2019-10-04 15:54:46] 已经获取的数据： 21个视频资源
[2019-10-04 15:54:46] 过滤存在的视频： 6743573403778813197
[2019-10-04 15:54:47] 过滤存在的视频： 6743481708856839436
[2019-10-04 15:54:47] 过滤存在的视频： 6743202153227193613
[2019-10-04 15:54:47] 过滤存在的视频： 6743058319327382798
[2019-10-04 15:54:48] 过滤存在的视频： 6742831725472238860
[2019-10-04 15:54:48] 过滤存在的视频： 6742676995802418436
[2019-10-04 15:54:48] 过滤存在的视频： 6742475308290559239
[2019-10-04 15:54:49] 过滤存在的视频： 6742417575407340804
[2019-10-04 15:54:49] 过滤存在的视频： 6741956635868024077
[2019-10-04 15:54:50] 过滤存在的视频： 6741952569389747467
[2019-10-04 15:54:50] 过滤存在的视频： 6741716899026996491
[2019-10-04 15:54:50] 过滤存在的视频： 6741578894274465035
[2019-10-04 15:54:51] 过滤存在的视频： 6741347433684471052
[2019-10-04 15:54:51] 过滤存在的视频： 6741303258888850692
[2019-10-04 15:54:51] 过滤存在的视频： 6740975768089775368
[2019-10-04 15:54:52] 过滤存在的视频： 6740831398501879051
[2019-10-04 15:54:52] 过滤存在的视频： 6740607800231218435
[2019-10-04 15:54:52] 过滤存在的视频： 6740606742368996621
[2019-10-04 15:54:53] 过滤存在的视频： 6740605128744701195
[2019-10-04 15:54:53] 过滤存在的视频： 6740459337505934595
[2019-10-04 15:54:53] 过滤存在的视频： 6740238214826626307
[2019-10-04 15:54:54] 已经获取的口令： 
{'dytk': '64aa3371b5d507c6724435b2f8e66448', 'name': '大印🐕', 'desc': '纪录美好时光🦄️', 'uimg': 'user_pic_image_64aa3371b5d507c6724435b2f8e66448'}
[2019-10-04 15:55:56] 已经获取的数据： 19个视频资源
[2019-10-04 15:55:56] 过滤存在的视频： 6743476599687089416
[2019-10-04 15:55:57] 过滤存在的视频： 6743143033421696270
[2019-10-04 15:55:57] 过滤存在的视频： 6742589150047833348
[2019-10-04 15:55:57] 过滤存在的视频： 6740552912067448076
[2019-10-04 15:55:58] 过滤存在的视频： 6739796838922063115
[2019-10-04 15:55:58] 过滤存在的视频： 6739114844433173774
[2019-10-04 15:55:58] 过滤存在的视频： 6737565056264850699
[2019-10-04 15:55:59] 过滤存在的视频： 6736376691725257991
[2019-10-04 15:55:59] 过滤存在的视频： 6734914492821589261
[2019-10-04 15:55:59] 过滤存在的视频： 6732222294481030407
[2019-10-04 15:56:00] 过滤存在的视频： 6731458835703237895
[2019-10-04 15:56:00] 过滤存在的视频： 6731291816345308424
[2019-10-04 15:56:00] 过滤存在的视频： 6727924057515363587
[2019-10-04 15:56:01] 过滤存在的视频： 6727227573140540679
[2019-10-04 15:56:01] 过滤存在的视频： 6726457700508617997
[2019-10-04 15:56:01] 过滤存在的视频： 6725006756625566988
[2019-10-04 15:56:02] 过滤存在的视频： 6723850428628487436
[2019-10-04 15:56:02] 过滤存在的视频： 6722346239368645902
[2019-10-04 15:56:02] 过滤存在的视频： 6721962831442398467
[2019-10-04 15:56:03] 已经获取的口令： 
{'dytk': '6dd0b61ef5c9205722734d0da1e6bdfe', 'name': '小仔街拍', 'desc': '商务v：xzjp666666', 'uimg': 'user_pic_image_6dd0b61ef5c9205722734d0da1e6bdfe'}
[2019-10-04 15:56:07] 已经获取的数据： 21个视频资源
[2019-10-04 15:56:07] 过滤存在的视频： 6743773226784099591
[2019-10-04 15:56:07] 过滤存在的视频： 6743461142196178184
[2019-10-04 15:56:08] 过滤存在的视频： 6743115739345046792
[2019-10-04 15:56:08] 过滤存在的视频： 6742768251714931981
[2019-10-04 15:56:08] 过滤存在的视频： 6742711989056867598
[2019-10-04 15:56:09] 过滤存在的视频： 6742316903978618120
[2019-10-04 15:56:09] 过滤存在的视频： 6741966905650711821
[2019-10-04 15:56:09] 过滤存在的视频： 6741679643075677444
[2019-10-04 15:56:10] 过滤存在的视频： 6741626556805844231
[2019-10-04 15:56:10] 过滤存在的视频： 6741577995288382724
[2019-10-04 15:56:10] 过滤存在的视频： 6741397413925244167
[2019-10-04 15:56:11] 过滤存在的视频： 6741280825423301891
[2019-10-04 15:56:11] 过滤存在的视频： 6741198706118331661
[2019-10-04 15:56:11] 过滤存在的视频： 6740963347019156740
[2019-10-04 15:56:12] 过滤存在的视频： 6740832913593552132
[2019-10-04 15:56:12] 过滤存在的视频： 6740580079027375368
[2019-10-04 15:56:12] 过滤存在的视频： 6740447932421524749
[2019-10-04 15:56:13] 过滤存在的视频： 6740198106375261453
[2019-10-04 15:56:13] 过滤存在的视频： 6740108484144008452
[2019-10-04 15:56:13] 过滤存在的视频： 6739849878219918603
[2019-10-04 15:56:14] 过滤存在的视频： 6739716295102631180
[2019-10-04 15:56:14] 已经获取的口令： 
{'dytk': '2373bc5857d4a2286ec8d833d63340f5', 'name': '央视新闻', 'desc': '本宝宝暂时还没想到个性签名', 'uimg': 'user_pic_image_2373bc5857d4a2286ec8d833d63340f5'}
[2019-10-04 15:56:26] 已经获取的数据： 20个视频资源
[2019-10-04 15:56:26] 过滤存在的视频： 6743846187998170382
[2019-10-04 15:56:26] 过滤存在的视频： 6743828474487655683
[2019-10-04 15:56:27] 过滤存在的视频： 6743522065866837256
[2019-10-04 15:56:27] 过滤存在的视频： 6743463343908015372
[2019-10-04 15:56:28] 过滤存在的视频： 6743428367334280462
[2019-10-04 15:56:28] 过滤存在的视频： 6743136977979215111
[2019-10-04 15:56:28] 过滤存在的视频： 6743095759152876812
[2019-10-04 15:56:29] 过滤存在的视频： 6742856785125756167
[2019-10-04 15:56:29] 过滤存在的视频： 6742821490552491276
[2019-10-04 15:56:29] 过滤存在的视频： 6742820485987437828
[2019-10-04 15:56:30] 过滤存在的视频： 6742809740411211022
[2019-10-04 15:56:30] 过滤存在的视频： 6742808746507963662
[2019-10-04 15:56:30] 过滤存在的视频： 6742794866599660807
[2019-10-04 15:56:31] 过滤存在的视频： 6742761051147865347
[2019-10-04 15:56:31] 过滤存在的视频： 6742756356597501191
[2019-10-04 15:56:32] 过滤存在的视频： 6742732443490503944
[2019-10-04 15:56:32] 过滤存在的视频： 6742730887038881037
[2019-10-04 15:56:32] 过滤存在的视频： 6742711360431410439
[2019-10-04 15:56:33] 过滤存在的视频： 6742702876176436483
[2019-10-04 15:56:33] 过滤存在的视频： 6742685475724676355
[2019-10-04 15:56:33] 已经获取的口令： 
{'dytk': '72c27edf2e311d68fcad23161785e309', 'name': 'Nico蒋娉婷', 'desc': '淘宝：Lamonico', 'uimg': 'user_pic_image_72c27edf2e311d68fcad23161785e309'}
[2019-10-04 15:56:56] 已经获取的数据： 21个视频资源
[2019-10-04 15:56:56] 过滤存在的视频： 6741177309203762445
[2019-10-04 15:56:56] 过滤存在的视频： 6735619492564585731
[2019-10-04 15:56:57] 过滤存在的视频： 6734173775220182285
[2019-10-04 15:56:57] 过滤存在的视频： 6733828429986188558
[2019-10-04 15:56:57] 过滤存在的视频： 6732756308275039501
[2019-10-04 15:56:58] 过滤存在的视频： 6731316882915298573
[2019-10-04 15:56:58] 过滤存在的视频： 6730182165880950028
[2019-10-04 15:56:58] 过滤存在的视频： 6730164431809940750
[2019-10-04 15:56:59] 过滤存在的视频： 6729423966064233731
[2019-10-04 15:56:59] 过滤存在的视频： 6726907633879764237
[2019-10-04 15:56:59] 过滤存在的视频： 6723795426786561284
[2019-10-04 15:57:00] 过滤存在的视频： 6720949751883386126
[2019-10-04 15:57:00] 过滤存在的视频： 6720176745288404232
[2019-10-04 15:57:00] 过滤存在的视频： 6719675484038352142
[2019-10-04 15:57:01] 过滤存在的视频： 6718532365666258189
[2019-10-04 15:57:01] 过滤存在的视频： 6717815720383745283
[2019-10-04 15:57:01] 过滤存在的视频： 6717622685913877771
[2019-10-04 15:57:02] 过滤存在的视频： 6706029545943797005
[2019-10-04 15:57:02] 过滤存在的视频： 6705384107368647948
[2019-10-04 15:57:02] 过滤存在的视频： 6704238238686596365
[2019-10-04 15:57:03] 过滤存在的视频： 6704009466075008259
[2019-10-04 15:57:03] 已经获取的口令： 
{'dytk': 'a9ca6de2402a98153ef09187f180b7c6', 'name': 'ShopShops哪逛', 'desc': 'V❤:lm68067379', 'uimg': 'user_pic_image_a9ca6de2402a98153ef09187f180b7c6'}
[2019-10-04 15:58:08] 已经获取的数据： 9个视频资源
[2019-10-04 15:58:08] 过滤存在的视频： 6743081127000411396
[2019-10-04 15:58:09] 过滤存在的视频： 6732632662797716749
[2019-10-04 15:58:09] 过滤存在的视频： 6730894446478560520
[2019-10-04 15:58:09] 过滤存在的视频： 6730895731546148110
[2019-10-04 15:58:10] 过滤存在的视频： 6727471765011893508
[2019-10-04 15:58:10] 过滤存在的视频： 6719300406251506955
[2019-10-04 15:58:10] 过滤存在的视频： 6704765314237877517
[2019-10-04 15:58:10] 过滤存在的视频： 6701941449870593291
[2019-10-04 15:58:11] 过滤存在的视频： 6701206771609898248
[2019-10-04 16:56:03] 已经获取的链接： 
https://www.iesdouyin.com/share/user/60608403052?u_code=19ad36870&sec_uid=MS4wLjABAAAAatU4FuaYxn7i-lwtPGjTx4Ojyhqssugl6Gp0UDgCg98&timestamp=1569326933&utm_source=copy&utm_campaign=client_share&utm_medium=android&share_app_name=douyin
[2019-10-04 16:56:04] 已经获取的链接： 
https://www.iesdouyin.com/share/user/65336769878?sec_uid=MS4wLjABAAAAbsnbN3GXomtp6QhgXGQVbLrxnN_8A-9resbzmBcg8XE&u_code=19ad36870&timestamp=1569327064&utm_source=copy&utm_campaign=client_share&utm_medium=android&share_app_name=douyin
[2019-10-04 16:56:04] 已经获取的链接： 
https://www.iesdouyin.com/share/user/3927082710338407?u_code=19ad36870&sec_uid=MS4wLjABAAAAIkp6nsOtBxKoXVX7GjC4knLLQ3F5DcEy49zZV0vbY7VR1itDVL41QvXuHNpqYmmQ&timestamp=1569312093&utm_source=copy&utm_campaign=client_share&utm_medium=android&share_app_name=douyin
[2019-10-04 16:56:04] 已经获取的链接： 
https://www.iesdouyin.com/share/user/66598046050?sec_uid=MS4wLjABAAAAgq8cb7cn9ByhZbmx-XQDdRTvFzmJeBBXOUO4QflP96M&u_code=19ad36870&timestamp=1569297847&utm_source=copy&utm_campaign=client_share&utm_medium=android&share_app_name=douyin
[2019-10-04 16:56:04] 已经获取的链接： 
https://www.iesdouyin.com/share/user/93414332321?u_code=19ad36870&sec_uid=MS4wLjABAAAAFrW0FiUdnfdZgr_vlV9g7hidHlkSHfIpBgMvAPHoGGA&timestamp=1569222224&utm_source=copy&utm_campaign=client_share&utm_medium=android&share_app_name=douyin
[2019-10-04 16:56:04] 已经获取的链接： 
https://www.iesdouyin.com/share/user/85107494189?u_code=19ad36870&sec_uid=MS4wLjABAAAAh6RmVaeyKCwaBSm8zthQRLRLvEcveh4xLnUv7HQ-axo&timestamp=1569290365&utm_source=copy&utm_campaign=client_share&utm_medium=android&share_app_name=douyin
[2019-10-04 16:56:05] 已经获取的口令： 
{'dytk': '7f2f08cb60fd71d929ead30550e03e65', 'name': '小嚯行游🌸(旅拍自由行接待)', 'desc': '旅游咨询V❤☎同步️:18391275331 ', 'uimg': 'user_pic_image_7f2f08cb60fd71d929ead30550e03e65'}
[2019-10-04 16:56:43] 已经获取的数据： 21个视频资源
[2019-10-04 16:56:43] 过滤存在的视频： 6743573403778813197
[2019-10-04 16:56:43] 过滤存在的视频： 6743481708856839436
[2019-10-04 16:56:44] 过滤存在的视频： 6743202153227193613
[2019-10-04 16:56:44] 过滤存在的视频： 6743058319327382798
[2019-10-04 16:56:44] 过滤存在的视频： 6742831725472238860
[2019-10-04 16:56:45] 过滤存在的视频： 6742676995802418436
[2019-10-04 16:56:45] 过滤存在的视频： 6742475308290559239
[2019-10-04 16:56:45] 过滤存在的视频： 6742417575407340804
[2019-10-04 16:56:46] 过滤存在的视频： 6741956635868024077
[2019-10-04 16:56:46] 过滤存在的视频： 6741952569389747467
[2019-10-04 16:56:46] 过滤存在的视频： 6741716899026996491
[2019-10-04 16:56:47] 过滤存在的视频： 6741578894274465035
[2019-10-04 16:56:47] 过滤存在的视频： 6741347433684471052
[2019-10-04 16:56:47] 过滤存在的视频： 6741303258888850692
[2019-10-04 16:56:48] 过滤存在的视频： 6740975768089775368
[2019-10-04 16:56:48] 过滤存在的视频： 6740831398501879051
[2019-10-04 16:56:48] 过滤存在的视频： 6740607800231218435
[2019-10-04 16:56:49] 过滤存在的视频： 6740606742368996621
[2019-10-04 16:56:50] 过滤存在的视频： 6740605128744701195
[2019-10-04 16:56:50] 过滤存在的视频： 6740459337505934595
[2019-10-04 16:56:50] 过滤存在的视频： 6740238214826626307
[2019-10-04 16:56:51] 已经获取的口令： 
{'dytk': '64aa3371b5d507c6724435b2f8e66448', 'name': '大印🐕', 'desc': '纪录美好时光🦄️', 'uimg': 'user_pic_image_64aa3371b5d507c6724435b2f8e66448'}
[2019-10-04 16:56:57] 已经获取的数据： 19个视频资源
[2019-10-04 16:56:57] 过滤存在的视频： 6743476599687089416
[2019-10-04 16:56:58] 过滤存在的视频： 6743143033421696270
[2019-10-04 16:56:58] 过滤存在的视频： 6742589150047833348
[2019-10-04 16:56:58] 过滤存在的视频： 6740552912067448076
[2019-10-04 16:56:59] 过滤存在的视频： 6739796838922063115
[2019-10-04 16:56:59] 过滤存在的视频： 6739114844433173774
[2019-10-04 16:56:59] 过滤存在的视频： 6737565056264850699
[2019-10-04 16:57:00] 过滤存在的视频： 6736376691725257991
[2019-10-04 16:57:00] 过滤存在的视频： 6734914492821589261
[2019-10-04 16:57:00] 过滤存在的视频： 6732222294481030407
[2019-10-04 16:57:01] 过滤存在的视频： 6731458835703237895
[2019-10-04 16:57:01] 过滤存在的视频： 6731291816345308424
[2019-10-04 16:57:01] 过滤存在的视频： 6727924057515363587
[2019-10-04 16:57:02] 过滤存在的视频： 6727227573140540679
[2019-10-04 16:57:02] 过滤存在的视频： 6726457700508617997
[2019-10-04 16:57:02] 过滤存在的视频： 6725006756625566988
[2019-10-04 16:57:03] 过滤存在的视频： 6723850428628487436
[2019-10-04 16:57:03] 过滤存在的视频： 6722346239368645902
[2019-10-04 16:57:03] 过滤存在的视频： 6721962831442398467
[2019-10-04 16:57:04] 已经获取的口令： 
{'dytk': '6dd0b61ef5c9205722734d0da1e6bdfe', 'name': '小仔街拍', 'desc': '商务v：xzjp666666', 'uimg': 'user_pic_image_6dd0b61ef5c9205722734d0da1e6bdfe'}
[2019-10-04 16:58:21] 已经获取的数据： 21个视频资源
[2019-10-04 16:58:21] 过滤存在的视频： 6743773226784099591
[2019-10-04 16:58:21] 过滤存在的视频： 6743461142196178184
[2019-10-04 16:58:22] 过滤存在的视频： 6743115739345046792
[2019-10-04 16:58:22] 过滤存在的视频： 6742768251714931981
[2019-10-04 16:58:23] 过滤存在的视频： 6742711989056867598
[2019-10-04 16:58:23] 过滤存在的视频： 6742316903978618120
[2019-10-04 16:58:23] 过滤存在的视频： 6741966905650711821
[2019-10-04 16:58:24] 过滤存在的视频： 6741679643075677444
[2019-10-04 16:58:24] 过滤存在的视频： 6741626556805844231
[2019-10-04 16:58:24] 过滤存在的视频： 6741577995288382724
[2019-10-04 16:58:25] 过滤存在的视频： 6741397413925244167
[2019-10-04 16:58:25] 过滤存在的视频： 6741280825423301891
[2019-10-04 16:58:25] 过滤存在的视频： 6741198706118331661
[2019-10-04 16:58:26] 过滤存在的视频： 6740963347019156740
[2019-10-04 16:58:26] 过滤存在的视频： 6740832913593552132
[2019-10-04 16:58:26] 过滤存在的视频： 6740580079027375368
[2019-10-04 16:58:27] 过滤存在的视频： 6740447932421524749
[2019-10-04 16:58:27] 过滤存在的视频： 6740198106375261453
[2019-10-04 16:58:27] 过滤存在的视频： 6740108484144008452
[2019-10-04 16:58:28] 过滤存在的视频： 6739849878219918603
[2019-10-04 16:58:28] 过滤存在的视频： 6739716295102631180
[2019-10-04 16:58:29] 已经获取的口令： 
{'dytk': '2373bc5857d4a2286ec8d833d63340f5', 'name': '央视新闻', 'desc': '本宝宝暂时还没想到个性签名', 'uimg': 'user_pic_image_2373bc5857d4a2286ec8d833d63340f5'}
[2019-10-04 16:58:50] 已经获取的数据： 20个视频资源
[2019-10-04 16:58:55] 成功下载的视频： v0300f5e0000bmbg8og45gtijgl1fus0
[2019-10-04 16:58:56] 删除本地的视频： /Users/zhangwenxiao/iFolder/spider/consumer/single/download/66598046050/v0300f5e0000bmbg8og45gtijgl1fus0.mp4
[2019-10-04 16:58:57] 已经上传的视频： v0300f5e0000bmbg8og45gtijgl1fus0
[2019-10-04 16:58:58] 过滤存在的视频： 6743846187998170382
[2019-10-04 16:58:58] 过滤存在的视频： 6743828474487655683
[2019-10-04 16:58:59] 过滤存在的视频： 6743522065866837256
[2019-10-04 16:58:59] 过滤存在的视频： 6743463343908015372
[2019-10-04 16:58:59] 过滤存在的视频： 6743428367334280462
[2019-10-04 16:59:00] 过滤存在的视频： 6743136977979215111
[2019-10-04 16:59:00] 过滤存在的视频： 6743095759152876812
[2019-10-04 16:59:00] 过滤存在的视频： 6742856785125756167
[2019-10-04 16:59:01] 过滤存在的视频： 6742821490552491276
[2019-10-04 16:59:01] 过滤存在的视频： 6742820485987437828
[2019-10-04 16:59:01] 过滤存在的视频： 6742809740411211022
[2019-10-04 16:59:02] 过滤存在的视频： 6742808746507963662
[2019-10-04 16:59:02] 过滤存在的视频： 6742794866599660807
[2019-10-04 16:59:02] 过滤存在的视频： 6742761051147865347
[2019-10-04 16:59:03] 过滤存在的视频： 6742756356597501191
[2019-10-04 16:59:03] 过滤存在的视频： 6742732443490503944
[2019-10-04 16:59:03] 过滤存在的视频： 6742730887038881037
[2019-10-04 16:59:04] 过滤存在的视频： 6742711360431410439
[2019-10-04 16:59:04] 过滤存在的视频： 6742702876176436483
[2019-10-04 16:59:04] 已经获取的口令： 
{'dytk': '72c27edf2e311d68fcad23161785e309', 'name': 'Nico蒋娉婷', 'desc': '淘宝：Lamonico', 'uimg': 'user_pic_image_72c27edf2e311d68fcad23161785e309'}
[2019-10-04 16:59:08] 已经获取的数据： 21个视频资源
[2019-10-04 16:59:09] 过滤存在的视频： 6741177309203762445
[2019-10-04 16:59:09] 过滤存在的视频： 6735619492564585731
[2019-10-04 16:59:09] 过滤存在的视频： 6734173775220182285
[2019-10-04 16:59:10] 过滤存在的视频： 6733828429986188558
[2019-10-04 16:59:10] 过滤存在的视频： 6732756308275039501
[2019-10-04 16:59:10] 过滤存在的视频： 6731316882915298573
[2019-10-04 16:59:11] 过滤存在的视频： 6730182165880950028
[2019-10-04 16:59:11] 过滤存在的视频： 6730164431809940750
[2019-10-04 16:59:11] 过滤存在的视频： 6729423966064233731
[2019-10-04 16:59:12] 过滤存在的视频： 6726907633879764237
[2019-10-04 16:59:12] 过滤存在的视频： 6723795426786561284
[2019-10-04 16:59:12] 过滤存在的视频： 6720949751883386126
[2019-10-04 16:59:12] 过滤存在的视频： 6720176745288404232
[2019-10-04 16:59:13] 过滤存在的视频： 6719675484038352142
[2019-10-04 16:59:13] 过滤存在的视频： 6718532365666258189
[2019-10-04 16:59:13] 过滤存在的视频： 6717815720383745283
[2019-10-04 16:59:14] 过滤存在的视频： 6717622685913877771
[2019-10-04 16:59:14] 过滤存在的视频： 6706029545943797005
[2019-10-04 16:59:14] 过滤存在的视频： 6705384107368647948
[2019-10-04 16:59:15] 过滤存在的视频： 6704238238686596365
[2019-10-04 16:59:15] 过滤存在的视频： 6704009466075008259
[2019-10-04 16:59:16] 已经获取的口令： 
{'dytk': 'a9ca6de2402a98153ef09187f180b7c6', 'name': 'ShopShops哪逛', 'desc': 'V❤:lm68067379', 'uimg': 'user_pic_image_a9ca6de2402a98153ef09187f180b7c6'}
[2019-10-04 16:59:49] 已经获取的数据： 9个视频资源
[2019-10-04 16:59:49] 过滤存在的视频： 6743081127000411396
[2019-10-04 16:59:49] 过滤存在的视频： 6732632662797716749
[2019-10-04 16:59:50] 过滤存在的视频： 6730894446478560520
[2019-10-04 16:59:50] 过滤存在的视频： 6730895731546148110
[2019-10-04 16:59:50] 过滤存在的视频： 6727471765011893508
[2019-10-04 16:59:51] 过滤存在的视频： 6719300406251506955
[2019-10-04 16:59:51] 过滤存在的视频： 6704765314237877517
[2019-10-04 16:59:51] 过滤存在的视频： 6701941449870593291
[2019-10-04 16:59:52] 过滤存在的视频： 6701206771609898248
